{
    "files": {
        "tests/data.py": {
            "excluded_lines": [],
            "executed_lines": [
                1,
                2,
                3,
                4
            ],
            "missing_lines": [],
            "summary": {
                "covered_lines": 4,
                "excluded_lines": 0,
                "missing_lines": 0,
                "num_statements": 4,
                "percent_covered": 100.0,
                "percent_covered_display": "100"
            }
        },
        "tests/runner.py": {
            "excluded_lines": [],
            "executed_lines": [
                1,
                2,
                3,
                4,
                5,
                8,
                9,
                10,
                12,
                13,
                14,
                15,
                16,
                17
            ],
            "missing_lines": [],
            "summary": {
                "covered_lines": 14,
                "excluded_lines": 0,
                "missing_lines": 0,
                "num_statements": 14,
                "percent_covered": 100.0,
                "percent_covered_display": "100"
            }
        },
        "tests/test_api.py": {
            "excluded_lines": [],
            "executed_lines": [
                1,
                2,
                3,
                4,
                5,
                6,
                7,
                8,
                9,
                11,
                12,
                14,
                15,
                16,
                18,
                19,
                26,
                27,
                30,
                31,
                34,
                35,
                36,
                38,
                39,
                40,
                41,
                43,
                44,
                46,
                47,
                48,
                49,
                51,
                53,
                56,
                57,
                60,
                61,
                63,
                64,
                65,
                67,
                68,
                70,
                71,
                73,
                76,
                77,
                79,
                81,
                82,
                83,
                89,
                90,
                91,
                97,
                99,
                100,
                101,
                102,
                103,
                104,
                105,
                107,
                108,
                109,
                110,
                111,
                112,
                114,
                116,
                119,
                120,
                123,
                124,
                126,
                127,
                128,
                129,
                130,
                131,
                132,
                134,
                135,
                136,
                142,
                143,
                144
            ],
            "missing_lines": [
                78
            ],
            "summary": {
                "covered_lines": 89,
                "excluded_lines": 0,
                "missing_lines": 1,
                "num_statements": 90,
                "percent_covered": 98.88888888888889,
                "percent_covered_display": "99"
            }
        },
        "tests/test_book_tickets.py": {
            "excluded_lines": [],
            "executed_lines": [
                1,
                2,
                3,
                4,
                6,
                7,
                8,
                9,
                10,
                11,
                12,
                13,
                14,
                15,
                17,
                18,
                19,
                20,
                22,
                23,
                24,
                25,
                27,
                28,
                29,
                30
            ],
            "missing_lines": [],
            "summary": {
                "covered_lines": 26,
                "excluded_lines": 0,
                "missing_lines": 0,
                "num_statements": 26,
                "percent_covered": 100.0,
                "percent_covered_display": "100"
            }
        },
        "tests/test_forms.py": {
            "excluded_lines": [],
            "executed_lines": [
                1,
                2,
                3,
                4,
                5,
                7,
                16,
                17,
                19,
                20,
                22,
                23,
                24,
                26,
                27,
                28,
                30,
                31,
                32,
                34,
                35,
                37,
                38,
                40,
                41,
                43,
                44,
                46,
                47,
                48,
                51,
                52,
                53,
                54,
                55,
                57,
                58,
                60,
                61,
                62,
                64,
                65,
                66,
                67,
                70,
                76,
                83,
                84
            ],
            "missing_lines": [],
            "summary": {
                "covered_lines": 48,
                "excluded_lines": 0,
                "missing_lines": 0,
                "num_statements": 48,
                "percent_covered": 100.0,
                "percent_covered_display": "100"
            }
        },
        "tests/test_models.py": {
            "excluded_lines": [],
            "executed_lines": [
                1,
                2,
                3,
                4,
                5,
                6,
                8,
                9,
                10,
                11,
                12,
                13,
                14,
                16,
                17,
                19,
                20,
                21,
                22,
                24,
                28,
                35,
                42,
                44,
                45,
                52,
                53,
                62,
                63,
                65,
                67,
                68,
                69,
                70,
                72,
                73,
                74,
                75,
                77,
                78,
                80,
                81,
                82,
                83
            ],
            "missing_lines": [],
            "summary": {
                "covered_lines": 44,
                "excluded_lines": 0,
                "missing_lines": 0,
                "num_statements": 44,
                "percent_covered": 100.0,
                "percent_covered_display": "100"
            }
        },
        "tests/test_views.py": {
            "excluded_lines": [],
            "executed_lines": [
                1,
                2,
                3,
                4,
                5,
                6,
                7,
                11,
                12,
                13,
                14,
                15,
                16,
                17,
                18,
                20,
                21,
                22,
                23,
                24,
                25,
                26,
                27,
                28,
                29,
                33,
                34,
                35,
                36,
                37,
                38,
                41,
                48,
                55,
                57,
                58,
                60,
                61,
                62,
                63,
                64,
                66,
                67,
                68,
                69,
                70,
                71
            ],
            "missing_lines": [],
            "summary": {
                "covered_lines": 47,
                "excluded_lines": 0,
                "missing_lines": 0,
                "num_statements": 47,
                "percent_covered": 100.0,
                "percent_covered_display": "100"
            }
        },
        "tests/utils.py": {
            "excluded_lines": [],
            "executed_lines": [
                1,
                2,
                3,
                4,
                5,
                7,
                8,
                9,
                10,
                13,
                16,
                19,
                24,
                25,
                26,
                28,
                29,
                31,
                34,
                35,
                37,
                40,
                41,
                44,
                45,
                47,
                48,
                55,
                56,
                64,
                66,
                67,
                68,
                71,
                74,
                77,
                82,
                83,
                84,
                86,
                87
            ],
            "missing_lines": [],
            "summary": {
                "covered_lines": 41,
                "excluded_lines": 0,
                "missing_lines": 0,
                "num_statements": 41,
                "percent_covered": 100.0,
                "percent_covered_display": "100"
            }
        }
    },
    "meta": {
        "branch_coverage": false,
        "format": 2,
        "show_contexts": false,
        "timestamp": "2024-05-29T16:50:31.586151",
        "version": "7.5.0"
    },
    "totals": {
        "covered_lines": 313,
        "excluded_lines": 0,
        "missing_lines": 1,
        "num_statements": 314,
        "percent_covered": 99.68152866242038,
        "percent_covered_display": "99"
    }
}